{"contracts\\NFTCreator.sol":{"l":{"18":3,"23":3,"28":3,"29":2,"30":2,"36":5,"37":4,"38":4,"39":4,"44":4,"49":1,"50":1,"51":1},"path":"Q:\\+\\Crypto\\React 2\\07 - NFT Creator\\NFT Creator\\contracts\\NFTCreator.sol","s":{"1":3,"2":3,"3":2,"4":5,"5":4,"6":4,"7":4,"8":4,"9":1,"10":1,"11":1},"b":{"1":[3,1],"2":[2,1],"3":[4,1],"4":[4,0],"5":[1,0],"6":[1,0]},"f":{"1":3,"2":3,"3":3,"4":5,"5":4,"6":1},"fnMap":{"1":{"name":"constructor","line":17,"loc":{"start":{"line":17,"column":4},"end":{"line":19,"column":4}}},"2":{"name":"getTokenPriceForBuy","line":22,"loc":{"start":{"line":22,"column":4},"end":{"line":24,"column":4}}},"3":{"name":"setTokenPriceForBuy","line":27,"loc":{"start":{"line":27,"column":4},"end":{"line":31,"column":4}}},"4":{"name":"createTokenAndBuy","line":34,"loc":{"start":{"line":34,"column":4},"end":{"line":40,"column":4}}},"5":{"name":"getShopBalance","line":43,"loc":{"start":{"line":43,"column":4},"end":{"line":45,"column":4}}},"6":{"name":"withdrawAll","line":48,"loc":{"start":{"line":48,"column":4},"end":{"line":52,"column":4}}}},"statementMap":{"1":{"start":{"line":23,"column":8},"end":{"line":23,"column":32}},"2":{"start":{"line":28,"column":8},"end":{"line":28,"column":80}},"3":{"start":{"line":29,"column":8},"end":{"line":29,"column":82}},"4":{"start":{"line":36,"column":8},"end":{"line":36,"column":83}},"5":{"start":{"line":37,"column":8},"end":{"line":37,"column":49}},"6":{"start":{"line":38,"column":8},"end":{"line":38,"column":41}},"7":{"start":{"line":39,"column":8},"end":{"line":39,"column":81}},"8":{"start":{"line":44,"column":8},"end":{"line":44,"column":36}},"9":{"start":{"line":49,"column":8},"end":{"line":49,"column":31}},"10":{"start":{"line":50,"column":8},"end":{"line":50,"column":71}},"11":{"start":{"line":51,"column":8},"end":{"line":51,"column":54}}},"branchMap":{"1":{"line":27,"type":"if","locations":[{"start":{"line":27,"column":66},"end":{"line":27,"column":66}},{"start":{"line":27,"column":66},"end":{"line":27,"column":66}}]},"2":{"line":28,"type":"if","locations":[{"start":{"line":28,"column":8},"end":{"line":28,"column":8}},{"start":{"line":28,"column":8},"end":{"line":28,"column":8}}]},"3":{"line":36,"type":"if","locations":[{"start":{"line":36,"column":8},"end":{"line":36,"column":8}},{"start":{"line":36,"column":8},"end":{"line":36,"column":8}}]},"4":{"line":43,"type":"if","locations":[{"start":{"line":43,"column":42},"end":{"line":43,"column":42}},{"start":{"line":43,"column":42},"end":{"line":43,"column":42}}]},"5":{"line":48,"type":"if","locations":[{"start":{"line":48,"column":34},"end":{"line":48,"column":34}},{"start":{"line":48,"column":34},"end":{"line":48,"column":34}}]},"6":{"line":51,"type":"if","locations":[{"start":{"line":51,"column":8},"end":{"line":51,"column":8}},{"start":{"line":51,"column":8},"end":{"line":51,"column":8}}]}}},"contracts\\NFTToken.sol":{"l":{"18":4,"19":4,"20":4,"21":4,"27":4,"31":0,"35":1,"39":0},"path":"Q:\\+\\Crypto\\React 2\\07 - NFT Creator\\NFT Creator\\contracts\\NFTToken.sol","s":{"1":4,"2":4,"3":4,"4":4,"5":4,"6":0,"7":1,"8":0},"b":{"1":[4,0]},"f":{"1":3,"2":4,"3":4,"4":0,"5":1,"6":0},"fnMap":{"1":{"name":"constructor","line":15,"loc":{"start":{"line":15,"column":4},"end":{"line":15,"column":67}}},"2":{"name":"safeMint","line":17,"loc":{"start":{"line":17,"column":4},"end":{"line":22,"column":4}}},"3":{"name":"_beforeTokenTransfer","line":26,"loc":{"start":{"line":26,"column":4},"end":{"line":28,"column":4}}},"4":{"name":"_burn","line":30,"loc":{"start":{"line":30,"column":4},"end":{"line":32,"column":4}}},"5":{"name":"tokenURI","line":34,"loc":{"start":{"line":34,"column":4},"end":{"line":36,"column":4}}},"6":{"name":"supportsInterface","line":38,"loc":{"start":{"line":38,"column":4},"end":{"line":40,"column":4}}}},"statementMap":{"1":{"start":{"line":18,"column":8},"end":{"line":18,"column":34}},"2":{"start":{"line":19,"column":8},"end":{"line":19,"column":51}},"3":{"start":{"line":20,"column":8},"end":{"line":20,"column":29}},"4":{"start":{"line":21,"column":8},"end":{"line":21,"column":33}},"5":{"start":{"line":27,"column":8},"end":{"line":27,"column":63}},"6":{"start":{"line":31,"column":8},"end":{"line":31,"column":27}},"7":{"start":{"line":35,"column":8},"end":{"line":35,"column":38}},"8":{"start":{"line":39,"column":8},"end":{"line":39,"column":51}}},"branchMap":{"1":{"line":17,"type":"if","locations":[{"start":{"line":17,"column":60},"end":{"line":17,"column":60}},{"start":{"line":17,"column":60},"end":{"line":17,"column":60}}]}}}}