TN:
SF:Q:\+\Crypto\React 2\07 - NFT Creator\NFT Creator\contracts\NFTCreator.sol
FN:17,constructor
FN:22,getTokenPriceForBuy
FN:27,setTokenPriceForBuy
FN:34,createTokenAndBuy
FN:43,getShopBalance
FN:48,withdrawAll
FNF:6
FNH:6
FNDA:3,constructor
FNDA:3,getTokenPriceForBuy
FNDA:3,setTokenPriceForBuy
FNDA:5,createTokenAndBuy
FNDA:4,getShopBalance
FNDA:1,withdrawAll
DA:18,3
DA:23,3
DA:28,3
DA:29,2
DA:30,2
DA:36,5
DA:37,4
DA:38,4
DA:39,4
DA:44,4
DA:49,1
DA:50,1
DA:51,1
LF:13
LH:13
BRDA:27,1,0,3
BRDA:27,1,1,1
BRDA:28,2,0,2
BRDA:28,2,1,1
BRDA:36,3,0,4
BRDA:36,3,1,1
BRDA:43,4,0,4
BRDA:43,4,1,0
BRDA:48,5,0,1
BRDA:48,5,1,0
BRDA:51,6,0,1
BRDA:51,6,1,0
BRF:12
BRH:9
end_of_record
TN:
SF:Q:\+\Crypto\React 2\07 - NFT Creator\NFT Creator\contracts\NFTToken.sol
FN:15,constructor
FN:17,safeMint
FN:26,_beforeTokenTransfer
FN:30,_burn
FN:34,tokenURI
FN:38,supportsInterface
FNF:6
FNH:4
FNDA:3,constructor
FNDA:4,safeMint
FNDA:4,_beforeTokenTransfer
FNDA:0,_burn
FNDA:1,tokenURI
FNDA:0,supportsInterface
DA:18,4
DA:19,4
DA:20,4
DA:21,4
DA:27,4
DA:31,0
DA:35,1
DA:39,0
LF:8
LH:6
BRDA:17,1,0,4
BRDA:17,1,1,0
BRF:2
BRH:1
end_of_record
